
9月 07, 2017 07:21:09.96 NEW SESSION
9月 07, 2017 07:21:09.96 [4484:548:0907/072109.956:ERROR:gcm_channel_status_request.cc(127)] GCM channel request failed.
9月 07, 2017 07:23:41.53 [4484:548:0907/072341.535:ERROR:gcm_channel_status_request.cc(127)] GCM channel request failed.
9月 07, 2017 07:26:44.62 [4484:548:0907/072644.621:ERROR:gcm_channel_status_request.cc(127)] GCM channel request failed.
9月 07, 2017 07:30:30.31 [4484:548:0907/073030.309:ERROR:gcm_channel_status_request.cc(127)] GCM channel request failed.
9月 07, 2017 07:35:27.03 [4484:548:0907/073527.038:ERROR:gcm_channel_status_request.cc(127)] GCM channel request failed.
9月 07, 2017 07:44:48.74 [4484:548:0907/074448.742:ERROR:gcm_channel_status_request.cc(127)] GCM channel request failed.
9月 07, 2017 07:56:54.78 [4484:548:0907/075654.785:ERROR:gcm_channel_status_request.cc(127)] GCM channel request failed.
9月 07, 2017 08:09:00.81 [4484:548:0907/080900.814:ERROR:gcm_channel_status_request.cc(127)] GCM channel request failed.
9月 07, 2017 08:21:06.85 [4484:548:0907/082106.855:ERROR:gcm_channel_status_request.cc(127)] GCM channel request failed.
9月 07, 2017 08:33:12.87 [4484:548:0907/083312.876:ERROR:gcm_channel_status_request.cc(127)] GCM channel request failed.
9月 07, 2017 08:45:18.90 [4484:548:0907/084518.903:ERROR:gcm_channel_status_request.cc(127)] GCM channel request failed.
9月 07, 2017 08:57:24.97 [4484:548:0907/085724.976:ERROR:gcm_channel_status_request.cc(127)] GCM channel request failed.
9月 07, 2017 09:09:31.00 [4484:548:0907/090931.007:ERROR:gcm_channel_status_request.cc(127)] GCM channel request failed.
9月 07, 2017 09:21:37.03 [4484:548:0907/092137.033:ERROR:gcm_channel_status_request.cc(127)] GCM channel request failed.
9月 07, 2017 09:33:43.08 [4484:548:0907/093343.082:ERROR:gcm_channel_status_request.cc(127)] GCM channel request failed.
9月 07, 2017 09:45:49.13 [4484:548:0907/094549.130:ERROR:gcm_channel_status_request.cc(127)] GCM channel request failed.
9月 07, 2017 09:57:55.16 [4484:548:0907/095755.163:ERROR:gcm_channel_status_request.cc(127)] GCM channel request failed.
9月 07, 2017 10:10:01.18 [4484:548:0907/101001.183:ERROR:gcm_channel_status_request.cc(127)] GCM channel request failed.
9月 07, 2017 10:22:07.21 [4484:548:0907/102207.218:ERROR:gcm_channel_status_request.cc(127)] GCM channel request failed.
9月 07, 2017 10:48:28.34 [4484:548:0907/104828.345:ERROR:gcm_channel_status_request.cc(127)] GCM channel request failed.
9月 07, 2017 11:00:34.37 [4484:548:0907/110034.374:ERROR:gcm_channel_status_request.cc(127)] GCM channel request failed.
9月 07, 2017 11:12:40.40 [4484:548:0907/111240.404:ERROR:gcm_channel_status_request.cc(127)] GCM channel request failed.
9月 07, 2017 11:24:46.43 [4484:548:0907/112446.435:ERROR:gcm_channel_status_request.cc(127)] GCM channel request failed.
9月 07, 2017 11:36:52.47 [4484:548:0907/113652.471:ERROR:gcm_channel_status_request.cc(127)] GCM channel request failed.
9月 07, 2017 11:48:58.50 [4484:548:0907/114858.508:ERROR:gcm_channel_status_request.cc(127)] GCM channel request failed.
9月 07, 2017 12:01:04.53 [4484:548:0907/120104.539:ERROR:gcm_channel_status_request.cc(127)] GCM channel request failed.
9月 07, 2017 12:20:45.74 [4484:548:0907/122045.747:ERROR:gcm_channel_status_request.cc(127)] GCM channel request failed.
9月 07, 2017 12:32:51.78 [4484:548:0907/123251.783:ERROR:gcm_channel_status_request.cc(127)] GCM channel request failed.
9月 07, 2017 15:10:04.73 [4484:548:0907/151001.616:ERROR:gcm_channel_status_request.cc(127)] GCM channel request failed.
9月 07, 2017 15:22:07.68 [4484:548:0907/152207.680:ERROR:gcm_channel_status_request.cc(127)] GCM channel request failed.
9月 07, 2017 15:34:13.76 [4484:548:0907/153413.767:ERROR:gcm_channel_status_request.cc(127)] GCM channel request failed.
9月 07, 2017 15:46:19.82 [4484:548:0907/154619.825:ERROR:gcm_channel_status_request.cc(127)] GCM channel request failed.
9月 07, 2017 15:58:25.91 [4484:548:0907/155825.915:ERROR:gcm_channel_status_request.cc(127)] GCM channel request failed.
9月 07, 2017 16:10:31.95 [4484:548:0907/161031.950:ERROR:gcm_channel_status_request.cc(127)] GCM channel request failed.
9月 07, 2017 16:22:37.98 [4484:548:0907/162237.981:ERROR:gcm_channel_status_request.cc(127)] GCM channel request failed.
9月 07, 2017 16:34:45.01 [4484:548:0907/163445.015:ERROR:gcm_channel_status_request.cc(127)] GCM channel request failed.
9月 07, 2017 16:46:51.06 [4484:548:0907/164651.059:ERROR:gcm_channel_status_request.cc(127)] GCM channel request failed.
9月 07, 2017 16:58:57.10 [4484:548:0907/165857.102:ERROR:gcm_channel_status_request.cc(127)] GCM channel request failed.
9月 07, 2017 17:11:03.12 [4484:548:0907/171103.123:ERROR:gcm_channel_status_request.cc(127)] GCM channel request failed.
9月 07, 2017 17:23:09.15 [4484:548:0907/172309.157:ERROR:gcm_channel_status_request.cc(127)] GCM channel request failed.
9月 07, 2017 17:35:15.19 [4484:548:0907/173515.191:ERROR:gcm_channel_status_request.cc(127)] GCM channel request failed.
9月 07, 2017 18:10:47.23 [4484:548:0907/181047.237:ERROR:gcm_channel_status_request.cc(127)] GCM channel request failed.
9月 07, 2017 18:52:41.73 [4484:548:0907/185241.737:ERROR:gcm_channel_status_request.cc(127)] GCM channel request failed.
9月 07, 2017 19:17:28.99 [4484:548:0907/191728.997:ERROR:gcm_channel_status_request.cc(127)] GCM channel request failed.
9月 07, 2017 19:29:35.12 [4484:548:0907/192935.122:ERROR:gcm_channel_status_request.cc(127)] GCM channel request failed.
9月 07, 2017 20:32:42.80 [4484:548:0907/203242.802:ERROR:gcm_channel_status_request.cc(127)] GCM channel request failed.
9月 07, 2017 20:44:48.83 [4484:548:0907/204448.837:ERROR:gcm_channel_status_request.cc(127)] GCM channel request failed.
9月 07, 2017 20:56:54.88 [4484:548:0907/205654.882:ERROR:gcm_channel_status_request.cc(127)] GCM channel request failed.
9月 07, 2017 21:09:00.91 [4484:548:0907/210900.910:ERROR:gcm_channel_status_request.cc(127)] GCM channel request failed.
9月 07, 2017 21:21:06.95 [4484:548:0907/212106.952:ERROR:gcm_channel_status_request.cc(127)] GCM channel request failed.
9月 07, 2017 21:33:12.98 [4484:548:0907/213312.982:ERROR:gcm_channel_status_request.cc(127)] GCM channel request failed.

9月 28, 2017 10:43:27.03 NEW SESSION
9月 28, 2017 10:43:27.03 [7096:5008:0928/104327.029:ERROR:gcm_channel_status_request.cc(127)] GCM channel request failed.
9月 28, 2017 10:46:01.31 [7096:5008:0928/104601.311:ERROR:gcm_channel_status_request.cc(127)] GCM channel request failed.
9月 28, 2017 10:49:00.77 [7096:5008:0928/104900.771:ERROR:gcm_channel_status_request.cc(127)] GCM channel request failed.
9月 28, 2017 10:52:36.09 [7096:5008:0928/105236.094:ERROR:gcm_channel_status_request.cc(127)] GCM channel request failed.
9月 28, 2017 10:57:48.28 [7096:5008:0928/105748.279:ERROR:gcm_channel_status_request.cc(127)] GCM channel request failed.
9月 28, 2017 11:06:03.67 [7096:5008:0928/110603.676:ERROR:gcm_channel_status_request.cc(127)] GCM channel request failed.
9月 28, 2017 11:18:09.70 [7096:5008:0928/111809.700:ERROR:gcm_channel_status_request.cc(127)] GCM channel request failed.
9月 28, 2017 11:30:15.72 [7096:5008:0928/113015.725:ERROR:gcm_channel_status_request.cc(127)] GCM channel request failed.
9月 28, 2017 11:42:21.76 [7096:5008:0928/114221.759:ERROR:gcm_channel_status_request.cc(127)] GCM channel request failed.
9月 28, 2017 11:54:27.79 [7096:5008:0928/115427.797:ERROR:gcm_channel_status_request.cc(127)] GCM channel request failed.
9月 28, 2017 12:04:27.88 [7096:5272:0928/120427.882:ERROR:ssl_client_socket_impl.cc(1072)] handshake failed; returned -1, SSL error code 1, net_error -101
9月 28, 2017 13:08:18.99 [7096:5008:0928/130818.996:ERROR:gcm_channel_status_request.cc(127)] GCM channel request failed.
9月 28, 2017 15:16:06.62 [7096:5008:0928/151606.622:ERROR:gcm_channel_status_request.cc(127)] GCM channel request failed.
9月 28, 2017 15:19:08.21 [7096:5008:0928/151908.216:ERROR:gcm_channel_status_request.cc(127)] GCM channel request failed.
9月 28, 2017 15:23:00.24 [7096:5008:0928/152300.246:ERROR:gcm_channel_status_request.cc(127)] GCM channel request failed.
9月 28, 2017 15:28:12.09 [7096:5008:0928/152812.099:ERROR:gcm_channel_status_request.cc(127)] GCM channel request failed.
9月 28, 2017 15:36:20.31 [7096:5008:0928/153620.312:ERROR:gcm_channel_status_request.cc(127)] GCM channel request failed.
9月 28, 2017 15:48:26.34 [7096:5008:0928/154826.343:ERROR:gcm_channel_status_request.cc(127)] GCM channel request failed.
9月 28, 2017 16:48:30.88 [7096:5272:0928/164830.880:ERROR:ssl_client_socket_impl.cc(1072)] handshake failed; returned -1, SSL error code 1, net_error -101
9月 28, 2017 16:48:36.99 [7096:5272:0928/164836.990:ERROR:ssl_client_socket_impl.cc(1072)] handshake failed; returned -1, SSL error code 1, net_error -101
9月 28, 2017 16:49:36.09 [7096:5272:0928/164936.093:ERROR:ssl_client_socket_impl.cc(1072)] handshake failed; returned -1, SSL error code 1, net_error -101
9月 28, 2017 16:50:05.67 [7096:5272:0928/165005.670:ERROR:ssl_client_socket_impl.cc(1072)] handshake failed; returned -1, SSL error code 1, net_error -101
9月 28, 2017 18:16:37.30 [7096:5008:0928/181637.302:ERROR:gcm_channel_status_request.cc(127)] GCM channel request failed.
9月 28, 2017 18:19:09.87 [7096:5008:0928/181909.877:ERROR:gcm_channel_status_request.cc(127)] GCM channel request failed.
9月 28, 2017 18:21:57.60 [7096:5008:0928/182157.608:ERROR:gcm_channel_status_request.cc(127)] GCM channel request failed.
9月 28, 2017 18:25:57.07 [7096:5008:0928/182557.072:ERROR:gcm_channel_status_request.cc(127)] GCM channel request failed.
9月 28, 2017 18:31:31.54 [7096:5008:0928/183131.545:ERROR:gcm_channel_status_request.cc(127)] GCM channel request failed.
9月 28, 2017 18:40:40.32 [7096:5008:0928/184040.321:ERROR:gcm_channel_status_request.cc(127)] GCM channel request failed.
9月 28, 2017 18:52:46.37 [7096:5008:0928/185246.373:ERROR:gcm_channel_status_request.cc(127)] GCM channel request failed.
9月 28, 2017 19:04:52.53 [7096:5008:0928/190452.537:ERROR:gcm_channel_status_request.cc(127)] GCM channel request failed.
9月 28, 2017 19:16:58.59 [7096:5008:0928/191658.590:ERROR:gcm_channel_status_request.cc(127)] GCM channel request failed.
9月 28, 2017 19:29:04.61 [7096:5008:0928/192904.613:ERROR:gcm_channel_status_request.cc(127)] GCM channel request failed.
9月 28, 2017 19:41:10.65 [7096:5008:0928/194110.650:ERROR:gcm_channel_status_request.cc(127)] GCM channel request failed.
9月 28, 2017 19:53:16.70 [7096:5008:0928/195316.699:ERROR:gcm_channel_status_request.cc(127)] GCM channel request failed.
9月 28, 2017 20:05:22.73 [7096:5008:0928/200522.732:ERROR:gcm_channel_status_request.cc(127)] GCM channel request failed.
9月 28, 2017 20:17:28.75 [7096:5008:0928/201728.754:ERROR:gcm_channel_status_request.cc(127)] GCM channel request failed.
9月 28, 2017 20:29:34.81 [7096:5008:0928/202934.817:ERROR:gcm_channel_status_request.cc(127)] GCM channel request failed.

10月 01, 2017 09:26:03.47 NEW SESSION
10月 01, 2017 09:26:03.47 [6480:1080:1001/092603.475:ERROR:gcm_channel_status_request.cc(127)] GCM channel request failed.
10月 01, 2017 09:26:42.84 [6480:1080:1001/092642.848:ERROR:gcm_channel_status_request.cc(127)] GCM channel request failed.
10月 01, 2017 09:27:39.74 [6480:1080:1001/092739.745:ERROR:gcm_channel_status_request.cc(127)] GCM channel request failed.
10月 01, 2017 09:29:41.63 [6480:1080:1001/092941.633:ERROR:gcm_channel_status_request.cc(127)] GCM channel request failed.
10月 01, 2017 09:33:27.24 [6480:1080:1001/093327.244:ERROR:gcm_channel_status_request.cc(127)] GCM channel request failed.
10月 01, 2017 09:39:44.87 [6480:1080:1001/093944.871:ERROR:gcm_channel_status_request.cc(127)] GCM channel request failed.
10月 01, 2017 10:05:42.65 [6480:1080:1001/100542.656:ERROR:gcm_channel_status_request.cc(127)] GCM channel request failed.
10月 01, 2017 10:17:48.69 [6480:1080:1001/101748.693:ERROR:gcm_channel_status_request.cc(127)] GCM channel request failed.
10月 01, 2017 10:29:54.73 [6480:1080:1001/102954.729:ERROR:gcm_channel_status_request.cc(127)] GCM channel request failed.
10月 01, 2017 10:42:00.76 [6480:1080:1001/104200.763:ERROR:gcm_channel_status_request.cc(127)] GCM channel request failed.
10月 01, 2017 10:54:06.80 [6480:1080:1001/105406.799:ERROR:gcm_channel_status_request.cc(127)] GCM channel request failed.
10月 01, 2017 11:06:13.07 [6480:1080:1001/110613.075:ERROR:gcm_channel_status_request.cc(127)] GCM channel request failed.
10月 01, 2017 11:18:19.10 [6480:1080:1001/111819.107:ERROR:gcm_channel_status_request.cc(127)] GCM channel request failed.
10月 01, 2017 11:30:25.15 [6480:1080:1001/113025.158:ERROR:gcm_channel_status_request.cc(127)] GCM channel request failed.
10月 01, 2017 11:42:31.19 [6480:1080:1001/114231.192:ERROR:gcm_channel_status_request.cc(127)] GCM channel request failed.
10月 01, 2017 11:54:37.23 [6480:1080:1001/115437.238:ERROR:gcm_channel_status_request.cc(127)] GCM channel request failed.
10月 01, 2017 12:06:43.39 [6480:1080:1001/120643.391:ERROR:gcm_channel_status_request.cc(127)] GCM channel request failed.
10月 01, 2017 12:18:49.45 [6480:1080:1001/121849.448:ERROR:gcm_channel_status_request.cc(127)] GCM channel request failed.
10月 01, 2017 12:30:55.48 [6480:1080:1001/123055.487:ERROR:gcm_channel_status_request.cc(127)] GCM channel request failed.
10月 01, 2017 12:43:01.57 [6480:1080:1001/124301.569:ERROR:gcm_channel_status_request.cc(127)] GCM channel request failed.

10月 02, 2017 13:56:50.33 NEW SESSION
10月 02, 2017 13:56:50.33 [2092:5944:1002/135650.333:ERROR:gcm_channel_status_request.cc(127)] GCM channel request failed.
10月 02, 2017 13:59:20.60 [2092:5944:1002/135920.600:ERROR:gcm_channel_status_request.cc(127)] GCM channel request failed.
10月 02, 2017 14:00:17.24 [2092:5944:1002/140017.248:ERROR:gcm_channel_status_request.cc(127)] GCM channel request failed.
10月 02, 2017 14:01:55.35 [2092:5944:1002/140155.356:ERROR:gcm_channel_status_request.cc(127)] GCM channel request failed.
10月 02, 2017 14:05:15.56 [2092:5944:1002/140515.567:ERROR:gcm_channel_status_request.cc(127)] GCM channel request failed.
10月 02, 2017 14:14:23.34 [2092:5944:1002/141423.340:ERROR:gcm_channel_status_request.cc(127)] GCM channel request failed.
10月 02, 2017 14:26:29.48 [2092:5944:1002/142629.484:ERROR:gcm_channel_status_request.cc(127)] GCM channel request failed.
10月 02, 2017 14:38:35.55 [2092:5944:1002/143835.551:ERROR:gcm_channel_status_request.cc(127)] GCM channel request failed.
10月 02, 2017 14:50:41.67 [2092:5944:1002/145041.677:ERROR:gcm_channel_status_request.cc(127)] GCM channel request failed.
10月 02, 2017 15:02:47.73 [2092:5944:1002/150247.730:ERROR:gcm_channel_status_request.cc(127)] GCM channel request failed.
10月 02, 2017 15:14:53.90 [2092:5944:1002/151453.900:ERROR:gcm_channel_status_request.cc(127)] GCM channel request failed.
10月 02, 2017 15:27:00.10 [2092:5944:1002/152700.108:ERROR:gcm_channel_status_request.cc(127)] GCM channel request failed.
10月 02, 2017 15:39:06.14 [2092:5944:1002/153906.145:ERROR:gcm_channel_status_request.cc(127)] GCM channel request failed.
10月 02, 2017 15:51:12.20 [2092:5944:1002/155112.202:ERROR:gcm_channel_status_request.cc(127)] GCM channel request failed.
10月 02, 2017 16:03:18.38 [2092:5944:1002/160318.386:ERROR:gcm_channel_status_request.cc(127)] GCM channel request failed.
10月 02, 2017 16:15:24.43 [2092:5944:1002/161524.437:ERROR:gcm_channel_status_request.cc(127)] GCM channel request failed.
10月 02, 2017 16:27:30.64 [2092:5944:1002/162730.642:ERROR:gcm_channel_status_request.cc(127)] GCM channel request failed.
10月 02, 2017 16:39:36.72 [2092:5944:1002/163936.723:ERROR:gcm_channel_status_request.cc(127)] GCM channel request failed.
10月 02, 2017 16:51:42.77 [2092:5944:1002/165142.774:ERROR:gcm_channel_status_request.cc(127)] GCM channel request failed.
10月 02, 2017 17:03:49.08 [2092:5944:1002/170349.080:ERROR:gcm_channel_status_request.cc(127)] GCM channel request failed.
10月 02, 2017 17:15:16.11 [2092:5944:1002/171516.117:ERROR:gcm_channel_status_request.cc(127)] GCM channel request failed.
10月 02, 2017 17:25:28.14 [2092:5944:1002/172528.141:ERROR:gcm_channel_status_request.cc(127)] GCM channel request failed.
10月 02, 2017 17:35:40.16 [2092:5944:1002/173540.164:ERROR:gcm_channel_status_request.cc(127)] GCM channel request failed.
10月 02, 2017 17:45:52.19 [2092:5944:1002/174552.194:ERROR:gcm_channel_status_request.cc(127)] GCM channel request failed.
10月 02, 2017 17:56:04.22 [2092:5944:1002/175604.220:ERROR:gcm_channel_status_request.cc(127)] GCM channel request failed.
10月 02, 2017 18:06:16.24 [2092:5944:1002/180616.243:ERROR:gcm_channel_status_request.cc(127)] GCM channel request failed.
10月 02, 2017 18:18:22.64 [2092:5944:1002/181822.640:ERROR:gcm_channel_status_request.cc(127)] GCM channel request failed.
10月 02, 2017 18:30:29.35 [2092:5944:1002/183029.359:ERROR:gcm_channel_status_request.cc(127)] GCM channel request failed.
10月 02, 2017 18:42:35.80 [2092:5944:1002/184235.806:ERROR:gcm_channel_status_request.cc(127)] GCM channel request failed.
10月 02, 2017 18:54:42.27 [2092:5944:1002/185442.276:ERROR:gcm_channel_status_request.cc(127)] GCM channel request failed.
10月 02, 2017 19:06:48.44 [2092:5944:1002/190648.446:ERROR:gcm_channel_status_request.cc(127)] GCM channel request failed.
10月 02, 2017 19:18:54.57 [2092:5944:1002/191854.569:ERROR:gcm_channel_status_request.cc(127)] GCM channel request failed.
10月 02, 2017 19:31:00.62 [2092:5944:1002/193100.625:ERROR:gcm_channel_status_request.cc(127)] GCM channel request failed.
10月 02, 2017 19:43:06.76 [2092:5944:1002/194306.759:ERROR:gcm_channel_status_request.cc(127)] GCM channel request failed.

10月 03, 2017 09:36:47.86 NEW SESSION
10月 03, 2017 09:36:47.86 [6428:5168:1003/093647.864:ERROR:gcm_channel_status_request.cc(127)] GCM channel request failed.
10月 03, 2017 09:39:17.25 [6428:5168:1003/093917.249:ERROR:gcm_channel_status_request.cc(127)] GCM channel request failed.
10月 03, 2017 09:42:20.52 [6428:5168:1003/094220.528:ERROR:gcm_channel_status_request.cc(127)] GCM channel request failed.
10月 03, 2017 09:45:50.48 [6428:5168:1003/094550.483:ERROR:gcm_channel_status_request.cc(127)] GCM channel request failed.
10月 03, 2017 09:51:23.32 [6428:5168:1003/095123.325:ERROR:gcm_channel_status_request.cc(127)] GCM channel request failed.
10月 03, 2017 09:59:14.34 [6428:5168:1003/095914.342:ERROR:gcm_channel_status_request.cc(127)] GCM channel request failed.
10月 03, 2017 10:11:20.37 [6428:5168:1003/101120.379:ERROR:gcm_channel_status_request.cc(127)] GCM channel request failed.
10月 03, 2017 10:23:26.44 [6428:5168:1003/102326.442:ERROR:gcm_channel_status_request.cc(127)] GCM channel request failed.
10月 03, 2017 10:35:32.50 [6428:5168:1003/103532.506:ERROR:gcm_channel_status_request.cc(127)] GCM channel request failed.
10月 03, 2017 10:47:38.54 [6428:5168:1003/104738.541:ERROR:gcm_channel_status_request.cc(127)] GCM channel request failed.
10月 03, 2017 10:59:44.57 [6428:5168:1003/105944.579:ERROR:gcm_channel_status_request.cc(127)] GCM channel request failed.
10月 03, 2017 10:59:55.39 [6428:5168:1003/105955.391:ERROR:CONSOLE(22)] "Empty response arrived for script 'https://chrome-devtools-frontend.appspot.com/serve_file/@95c454326a7a3153e984e50a4719924968490717/product_registry_impl/product_registry_impl_module.js'", source: chrome-devtools://devtools/bundled/inspector.js (22)
10月 03, 2017 10:59:55.39 [6428:5168:1003/105955.396:ERROR:CONSOLE(109)] "Uncaught (in promise) Error: Could not instantiate: ProductRegistryImpl.Registry", source: chrome-devtools://devtools/bundled/inspector.js (109)
10月 03, 2017 10:59:55.39 [6428:5168:1003/105955.396:ERROR:CONSOLE(109)] "Uncaught (in promise) Error: Could not instantiate: ProductRegistryImpl.Registry", source: chrome-devtools://devtools/bundled/inspector.js (109)
10月 03, 2017 10:59:55.39 [6428:5168:1003/105955.396:ERROR:CONSOLE(109)] "Uncaught (in promise) Error: Could not instantiate: ProductRegistryImpl.Registry", source: chrome-devtools://devtools/bundled/inspector.js (109)
10月 03, 2017 10:59:55.39 [6428:5168:1003/105955.396:ERROR:CONSOLE(109)] "Uncaught (in promise) Error: Could not instantiate: ProductRegistryImpl.Registry", source: chrome-devtools://devtools/bundled/inspector.js (109)
10月 03, 2017 10:59:55.39 [6428:5168:1003/105955.396:ERROR:CONSOLE(109)] "Uncaught (in promise) Error: Could not instantiate: ProductRegistryImpl.Registry", source: chrome-devtools://devtools/bundled/inspector.js (109)
10月 03, 2017 10:59:55.40 [6428:5168:1003/105955.396:ERROR:CONSOLE(109)] "Uncaught (in promise) Error: Could not instantiate: ProductRegistryImpl.Registry", source: chrome-devtools://devtools/bundled/inspector.js (109)
10月 03, 2017 10:59:55.50 [6428:5168:1003/105955.507:ERROR:CONSOLE(109)] "Uncaught (in promise) Error: Could not instantiate: ProductRegistryImpl.Registry", source: chrome-devtools://devtools/bundled/inspector.js (109)
10月 03, 2017 10:59:55.50 [6428:5168:1003/105955.507:ERROR:CONSOLE(109)] "Uncaught (in promise) Error: Could not instantiate: ProductRegistryImpl.Registry", source: chrome-devtools://devtools/bundled/inspector.js (109)
10月 03, 2017 10:59:55.50 [6428:5168:1003/105955.508:ERROR:CONSOLE(109)] "Uncaught (in promise) Error: Could not instantiate: ProductRegistryImpl.Registry", source: chrome-devtools://devtools/bundled/inspector.js (109)
10月 03, 2017 10:59:55.50 [6428:5168:1003/105955.508:ERROR:CONSOLE(109)] "Uncaught (in promise) Error: Could not instantiate: ProductRegistryImpl.Registry", source: chrome-devtools://devtools/bundled/inspector.js (109)
10月 03, 2017 10:59:55.50 [6428:5168:1003/105955.508:ERROR:CONSOLE(109)] "Uncaught (in promise) Error: Could not instantiate: ProductRegistryImpl.Registry", source: chrome-devtools://devtools/bundled/inspector.js (109)
10月 03, 2017 10:59:55.51 [6428:5168:1003/105955.508:ERROR:CONSOLE(109)] "Uncaught (in promise) Error: Could not instantiate: ProductRegistryImpl.Registry", source: chrome-devtools://devtools/bundled/inspector.js (109)
10月 03, 2017 10:59:55.51 [6428:5168:1003/105955.508:ERROR:CONSOLE(109)] "Uncaught (in promise) Error: Could not instantiate: ProductRegistryImpl.Registry", source: chrome-devtools://devtools/bundled/inspector.js (109)
10月 03, 2017 10:59:55.51 [6428:5168:1003/105955.508:ERROR:CONSOLE(109)] "Uncaught (in promise) Error: Could not instantiate: ProductRegistryImpl.Registry", source: chrome-devtools://devtools/bundled/inspector.js (109)
10月 03, 2017 10:59:57.45 [6428:5168:1003/105957.454:ERROR:CONSOLE(109)] "Uncaught (in promise) Error: Could not instantiate: ProductRegistryImpl.Registry", source: chrome-devtools://devtools/bundled/inspector.js (109)
10月 03, 2017 10:59:57.45 [6428:5168:1003/105957.455:ERROR:CONSOLE(109)] "Uncaught (in promise) Error: Could not instantiate: ProductRegistryImpl.Registry", source: chrome-devtools://devtools/bundled/inspector.js (109)
10月 03, 2017 10:59:57.45 [6428:5168:1003/105957.455:ERROR:CONSOLE(109)] "Uncaught (in promise) Error: Could not instantiate: ProductRegistryImpl.Registry", source: chrome-devtools://devtools/bundled/inspector.js (109)
10月 03, 2017 11:11:50.64 [6428:5168:1003/111150.640:ERROR:gcm_channel_status_request.cc(127)] GCM channel request failed.
10月 03, 2017 11:22:02.65 [6428:5168:1003/112202.656:ERROR:gcm_channel_status_request.cc(127)] GCM channel request failed.
10月 03, 2017 11:32:14.67 [6428:5168:1003/113214.676:ERROR:gcm_channel_status_request.cc(127)] GCM channel request failed.
10月 03, 2017 11:42:26.69 [6428:5168:1003/114226.694:ERROR:gcm_channel_status_request.cc(127)] GCM channel request failed.
10月 03, 2017 11:52:38.71 [6428:5168:1003/115238.712:ERROR:gcm_channel_status_request.cc(127)] GCM channel request failed.
10月 03, 2017 12:02:50.72 [6428:5168:1003/120250.729:ERROR:gcm_channel_status_request.cc(127)] GCM channel request failed.
10月 03, 2017 17:39:37.20 [6428:5168:1003/173937.200:ERROR:gcm_channel_status_request.cc(127)] GCM channel request failed.
10月 03, 2017 17:51:43.24 [6428:5168:1003/175143.249:ERROR:gcm_channel_status_request.cc(127)] GCM channel request failed.
10月 03, 2017 18:03:49.29 [6428:5168:1003/180349.295:ERROR:gcm_channel_status_request.cc(127)] GCM channel request failed.
10月 03, 2017 18:15:55.35 [6428:5168:1003/181555.350:ERROR:gcm_channel_status_request.cc(127)] GCM channel request failed.
10月 03, 2017 18:28:01.39 [6428:5168:1003/182801.397:ERROR:gcm_channel_status_request.cc(127)] GCM channel request failed.
10月 03, 2017 18:40:07.44 [6428:5168:1003/184007.439:ERROR:gcm_channel_status_request.cc(127)] GCM channel request failed.
10月 03, 2017 18:52:13.55 [6428:5168:1003/185213.551:ERROR:gcm_channel_status_request.cc(127)] GCM channel request failed.
10月 03, 2017 19:55:51.43 [6428:5168:1003/195551.436:ERROR:gcm_channel_status_request.cc(127)] GCM channel request failed.
10月 03, 2017 20:07:57.47 [6428:5168:1003/200757.477:ERROR:gcm_channel_status_request.cc(127)] GCM channel request failed.
10月 03, 2017 20:18:09.49 [6428:5168:1003/201809.495:ERROR:gcm_channel_status_request.cc(127)] GCM channel request failed.
10月 03, 2017 20:28:21.51 [6428:5168:1003/202821.512:ERROR:gcm_channel_status_request.cc(127)] GCM channel request failed.
10月 03, 2017 20:38:33.53 [6428:5168:1003/203833.531:ERROR:gcm_channel_status_request.cc(127)] GCM channel request failed.
10月 03, 2017 20:48:45.54 [6428:5168:1003/204845.547:ERROR:gcm_channel_status_request.cc(127)] GCM channel request failed.
10月 03, 2017 20:58:57.57 [6428:5168:1003/205857.576:ERROR:gcm_channel_status_request.cc(127)] GCM channel request failed.
10月 03, 2017 21:09:09.72 [6428:5168:1003/210909.722:ERROR:gcm_channel_status_request.cc(127)] GCM channel request failed.
10月 03, 2017 21:21:15.74 [6428:5168:1003/212115.747:ERROR:gcm_channel_status_request.cc(127)] GCM channel request failed.
10月 03, 2017 21:33:21.84 [6428:5168:1003/213321.842:ERROR:gcm_channel_status_request.cc(127)] GCM channel request failed.
10月 03, 2017 21:45:27.89 [6428:5168:1003/214527.897:ERROR:gcm_channel_status_request.cc(127)] GCM channel request failed.
10月 03, 2017 21:57:34.04 [6428:5168:1003/215734.044:ERROR:gcm_channel_status_request.cc(127)] GCM channel request failed.
10月 03, 2017 22:09:40.07 [6428:5168:1003/220940.075:ERROR:gcm_channel_status_request.cc(127)] GCM channel request failed.
10月 03, 2017 22:21:46.14 [6428:5168:1003/222146.147:ERROR:gcm_channel_status_request.cc(127)] GCM channel request failed.
10月 03, 2017 22:33:52.18 [6428:5168:1003/223352.185:ERROR:gcm_channel_status_request.cc(127)] GCM channel request failed.

10月 04, 2017 10:34:36.88 NEW SESSION
10月 04, 2017 10:34:36.89 [5364:4016:1004/103436.887:ERROR:default_component_installer.cc(276)] Failed to read manifest or verify installation for Signed Tree Heads (C:\Users\Administrator\AppData\Local\Google\Chrome\User Data\CertificateTransparency\524).: 系统找不到指定的文件。 (0x2)
10月 04, 2017 10:43:22.90 [5364:2208:1004/104322.900:ERROR:gcm_channel_status_request.cc(127)] GCM channel request failed.
10月 04, 2017 10:45:56.05 [5364:2208:1004/104556.056:ERROR:gcm_channel_status_request.cc(127)] GCM channel request failed.
10月 04, 2017 10:49:00.18 [5364:2208:1004/104900.182:ERROR:gcm_channel_status_request.cc(127)] GCM channel request failed.
10月 04, 2017 10:52:27.82 [5364:2208:1004/105227.827:ERROR:gcm_channel_status_request.cc(127)] GCM channel request failed.
10月 04, 2017 10:58:14.82 [5364:2208:1004/105814.825:ERROR:gcm_channel_status_request.cc(127)] GCM channel request failed.
10月 04, 2017 11:06:15.60 [5364:2208:1004/110615.602:ERROR:gcm_channel_status_request.cc(127)] GCM channel request failed.
10月 04, 2017 11:18:21.65 [5364:2208:1004/111821.654:ERROR:gcm_channel_status_request.cc(127)] GCM channel request failed.
10月 04, 2017 11:30:27.68 [5364:2208:1004/113027.684:ERROR:gcm_channel_status_request.cc(127)] GCM channel request failed.
10月 04, 2017 11:42:33.72 [5364:2208:1004/114233.719:ERROR:gcm_channel_status_request.cc(127)] GCM channel request failed.
10月 04, 2017 11:54:39.80 [5364:2208:1004/115439.806:ERROR:gcm_channel_status_request.cc(127)] GCM channel request failed.
10月 04, 2017 12:06:45.85 [5364:2208:1004/120645.857:ERROR:gcm_channel_status_request.cc(127)] GCM channel request failed.
10月 04, 2017 12:18:51.89 [5364:2208:1004/121851.894:ERROR:gcm_channel_status_request.cc(127)] GCM channel request failed.
10月 04, 2017 12:30:57.94 [5364:2208:1004/123057.947:ERROR:gcm_channel_status_request.cc(127)] GCM channel request failed.
10月 04, 2017 12:43:04.23 [5364:2208:1004/124304.235:ERROR:gcm_channel_status_request.cc(127)] GCM channel request failed.
10月 04, 2017 12:55:10.27 [5364:2208:1004/125510.270:ERROR:gcm_channel_status_request.cc(127)] GCM channel request failed.
10月 04, 2017 13:07:16.42 [5364:2208:1004/130716.426:ERROR:gcm_channel_status_request.cc(127)] GCM channel request failed.
10月 04, 2017 13:19:22.51 [5364:2208:1004/131922.518:ERROR:gcm_channel_status_request.cc(127)] GCM channel request failed.
10月 04, 2017 13:31:28.55 [5364:2208:1004/133128.555:ERROR:gcm_channel_status_request.cc(127)] GCM channel request failed.
10月 04, 2017 13:43:34.59 [5364:2208:1004/134334.590:ERROR:gcm_channel_status_request.cc(127)] GCM channel request failed.
10月 04, 2017 13:55:40.72 [5364:2208:1004/135540.722:ERROR:gcm_channel_status_request.cc(127)] GCM channel request failed.
10月 04, 2017 14:07:46.75 [5364:2208:1004/140746.758:ERROR:gcm_channel_status_request.cc(127)] GCM channel request failed.
10月 04, 2017 14:19:52.80 [5364:2208:1004/141952.802:ERROR:gcm_channel_status_request.cc(127)] GCM channel request failed.
10月 04, 2017 16:54:12.71 [5364:2208:1004/165412.719:ERROR:gcm_channel_status_request.cc(127)] GCM channel request failed.
10月 04, 2017 17:06:20.01 [5364:2208:1004/170620.018:ERROR:gcm_channel_status_request.cc(127)] GCM channel request failed.
10月 04, 2017 17:18:27.05 [5364:2208:1004/171827.057:ERROR:gcm_channel_status_request.cc(127)] GCM channel request failed.
10月 04, 2017 17:30:33.10 [5364:2208:1004/173033.102:ERROR:gcm_channel_status_request.cc(127)] GCM channel request failed.
10月 04, 2017 17:42:39.13 [5364:2208:1004/174239.130:ERROR:gcm_channel_status_request.cc(127)] GCM channel request failed.
10月 04, 2017 17:54:45.18 [5364:2208:1004/175445.166:ERROR:gcm_channel_status_request.cc(127)] GCM channel request failed.
10月 04, 2017 18:06:51.19 [5364:2208:1004/180651.194:ERROR:gcm_channel_status_request.cc(127)] GCM channel request failed.
10月 04, 2017 18:18:57.28 [5364:2208:1004/181857.280:ERROR:gcm_channel_status_request.cc(127)] GCM channel request failed.
10月 04, 2017 18:31:03.31 [5364:2208:1004/183103.312:ERROR:gcm_channel_status_request.cc(127)] GCM channel request failed.
10月 04, 2017 18:43:09.33 [5364:2208:1004/184309.338:ERROR:gcm_channel_status_request.cc(127)] GCM channel request failed.
10月 04, 2017 18:55:17.37 [5364:2208:1004/185517.377:ERROR:gcm_channel_status_request.cc(127)] GCM channel request failed.
10月 04, 2017 19:07:23.41 [5364:2208:1004/190723.416:ERROR:gcm_channel_status_request.cc(127)] GCM channel request failed.
10月 04, 2017 19:19:29.44 [5364:2208:1004/191929.448:ERROR:gcm_channel_status_request.cc(127)] GCM channel request failed.
10月 04, 2017 19:31:35.48 [5364:2208:1004/193135.482:ERROR:gcm_channel_status_request.cc(127)] GCM channel request failed.

10月 24, 2017 21:35:04.85 NEW SESSION
10月 24, 2017 21:35:04.85 [5320:7260:1024/213504.851:ERROR:gcm_channel_status_request.cc(127)] GCM channel request failed.
10月 24, 2017 21:37:36.66 [5320:7260:1024/213736.656:ERROR:gcm_channel_status_request.cc(127)] GCM channel request failed.
10月 24, 2017 21:40:38.76 [5320:7260:1024/214038.760:ERROR:gcm_channel_status_request.cc(127)] GCM channel request failed.
10月 24, 2017 21:44:20.78 [5320:7260:1024/214420.784:ERROR:gcm_channel_status_request.cc(127)] GCM channel request failed.
10月 24, 2017 21:49:09.77 [5320:7260:1024/214909.717:ERROR:gcm_channel_status_request.cc(127)] GCM channel request failed.
10月 24, 2017 21:58:43.91 [5320:7260:1024/215843.904:ERROR:gcm_channel_status_request.cc(127)] GCM channel request failed.
10月 24, 2017 22:10:50.49 [5320:7260:1024/221050.484:ERROR:gcm_channel_status_request.cc(127)] GCM channel request failed.
10月 24, 2017 22:22:56.77 [5320:7260:1024/222256.767:ERROR:gcm_channel_status_request.cc(127)] GCM channel request failed.
10月 24, 2017 22:35:02.81 [5320:7260:1024/223502.815:ERROR:gcm_channel_status_request.cc(127)] GCM channel request failed.

10月 28, 2017 23:57:49.78 NEW SESSION
10月 28, 2017 23:57:49.78 [6964:3220:1028/235749.781:ERROR:gcm_channel_status_request.cc(127)] GCM channel request failed.
10月 29, 2017 24:00:25.05 [6964:3220:1029/000025.058:ERROR:gcm_channel_status_request.cc(127)] GCM channel request failed.
10月 29, 2017 24:03:24.75 [6964:3220:1029/000324.753:ERROR:gcm_channel_status_request.cc(127)] GCM channel request failed.
10月 29, 2017 24:06:56.54 [6964:3220:1029/000656.546:ERROR:gcm_channel_status_request.cc(127)] GCM channel request failed.

10月 29, 2017 12:20:21.07 NEW SESSION
10月 29, 2017 12:20:21.07 [7332:7336:1029/122021.076:ERROR:gcm_channel_status_request.cc(127)] GCM channel request failed.
10月 29, 2017 12:22:51.23 [7332:7336:1029/122251.235:ERROR:gcm_channel_status_request.cc(127)] GCM channel request failed.
10月 29, 2017 12:25:38.73 [7332:7336:1029/122538.735:ERROR:gcm_channel_status_request.cc(127)] GCM channel request failed.
10月 29, 2017 12:29:23.92 [7332:7336:1029/122923.923:ERROR:gcm_channel_status_request.cc(127)] GCM channel request failed.
10月 29, 2017 12:34:22.48 [7332:7336:1029/123422.486:ERROR:gcm_channel_status_request.cc(127)] GCM channel request failed.
10月 29, 2017 12:44:26.73 [7332:7336:1029/124426.723:ERROR:gcm_channel_status_request.cc(127)] GCM channel request failed.
